This is pdfTeX, Version 3.14159265-2.6-1.40.15 (TeX Live 2014) (preloaded format=pdflatex 2014.5.25)  3 MAR 2015 00:11
entering extended mode
 restricted \write18 enabled.
 %&-line parsing enabled.
**EGauthorGuidelines-eurovis15-fin.tex -recorder
(./EGauthorGuidelines-eurovis15-fin.tex
LaTeX2e <2014/05/01>
Babel <3.9k> and hyphenation patterns for 78 languages loaded.
(./egpubl.cls
Document Class: egpubl 2013/07/17 Document Style for EG Publications v3.56
\c@table=\count79
\c@figure=\count80
\c@part=\count81
\c@section=\count82
\c@subsection=\count83
\c@subsubsection=\count84
\c@paragraph=\count85
\c@subparagraph=\count86
\titlespace=\skip41
\teaserspace=\skip42
\c@p@volume=\count87
\bibhang=\skip43
\every@verbatim=\toks14
\verbatim@line=\toks15
(/usr/local/texlive/2014/texmf-dist/tex/generic/oberdiek/ifpdf.sty
Package: ifpdf 2011/01/30 v2.3 Provides the ifpdf switch (HO)
Package ifpdf Info: pdfTeX in PDF mode is detected.
)
(./EGauthorGuidelines-eurovis15-fin.lbl)
\openout9 = `EGauthorGuidelines-eurovis15-fin.lbl'.

) (./eurovis2015.sty)
(/usr/local/texlive/2014/texmf-dist/tex/latex/graphics/graphicx.sty
Package: graphicx 2014/04/25 v1.0g Enhanced LaTeX Graphics (DPC,SPQR)

(/usr/local/texlive/2014/texmf-dist/tex/latex/graphics/keyval.sty
Package: keyval 2014/05/08 v1.15 key=value parser (DPC)
\KV@toks@=\toks16
)
(/usr/local/texlive/2014/texmf-dist/tex/latex/graphics/graphics.sty
Package: graphics 2009/02/05 v1.0o Standard LaTeX Graphics (DPC,SPQR)

(/usr/local/texlive/2014/texmf-dist/tex/latex/graphics/trig.sty
Package: trig 1999/03/16 v1.09 sin cos tan (DPC)
)
(/usr/local/texlive/2014/texmf-dist/tex/latex/latexconfig/graphics.cfg
File: graphics.cfg 2010/04/23 v1.9 graphics configuration of TeX Live
)
Package graphics Info: Driver file: pdftex.def on input line 91.

(/usr/local/texlive/2014/texmf-dist/tex/latex/pdftex-def/pdftex.def
File: pdftex.def 2011/05/27 v0.06d Graphics/color for pdfTeX

(/usr/local/texlive/2014/texmf-dist/tex/generic/oberdiek/infwarerr.sty
Package: infwarerr 2010/04/08 v1.3 Providing info/warning/error messages (HO)
)
(/usr/local/texlive/2014/texmf-dist/tex/generic/oberdiek/ltxcmds.sty
Package: ltxcmds 2011/11/09 v1.22 LaTeX kernel commands for general use (HO)
)
\Gread@gobject=\count88
))
\Gin@req@height=\dimen102
\Gin@req@width=\dimen103
)
(/usr/local/texlive/2014/texmf-dist/tex/latex/hyperref/hyperref.sty
Package: hyperref 2012/11/06 v6.83m Hypertext links for LaTeX

(/usr/local/texlive/2014/texmf-dist/tex/generic/oberdiek/hobsub-hyperref.sty
Package: hobsub-hyperref 2012/05/28 v1.13 Bundle oberdiek, subset hyperref (HO)


(/usr/local/texlive/2014/texmf-dist/tex/generic/oberdiek/hobsub-generic.sty
Package: hobsub-generic 2012/05/28 v1.13 Bundle oberdiek, subset generic (HO)
Package: hobsub 2012/05/28 v1.13 Construct package bundles (HO)
Package hobsub Info: Skipping package `infwarerr' (already loaded).
Package hobsub Info: Skipping package `ltxcmds' (already loaded).
Package: ifluatex 2010/03/01 v1.3 Provides the ifluatex switch (HO)
Package ifluatex Info: LuaTeX not detected.
Package: ifvtex 2010/03/01 v1.5 Detect VTeX and its facilities (HO)
Package ifvtex Info: VTeX not detected.
Package: intcalc 2007/09/27 v1.1 Expandable calculations with integers (HO)
Package hobsub Info: Skipping package `ifpdf' (already loaded).
Package: etexcmds 2011/02/16 v1.5 Avoid name clashes with e-TeX commands (HO)
Package etexcmds Info: Could not find \expanded.
(etexcmds)             That can mean that you are not using pdfTeX 1.50 or
(etexcmds)             that some package has redefined \expanded.
(etexcmds)             In the latter case, load this package earlier.
Package: kvsetkeys 2012/04/25 v1.16 Key value parser (HO)
Package: kvdefinekeys 2011/04/07 v1.3 Define keys (HO)
Package: pdftexcmds 2011/11/29 v0.20 Utility functions of pdfTeX for LuaTeX (HO
)
Package pdftexcmds Info: LuaTeX not detected.
Package pdftexcmds Info: \pdf@primitive is available.
Package pdftexcmds Info: \pdf@ifprimitive is available.
Package pdftexcmds Info: \pdfdraftmode found.
Package: pdfescape 2011/11/25 v1.13 Implements pdfTeX's escape features (HO)
Package: bigintcalc 2012/04/08 v1.3 Expandable calculations on big integers (HO
)
Package: bitset 2011/01/30 v1.1 Handle bit-vector datatype (HO)
Package: uniquecounter 2011/01/30 v1.2 Provide unlimited unique counter (HO)
)
Package hobsub Info: Skipping package `hobsub' (already loaded).
Package: letltxmacro 2010/09/02 v1.4 Let assignment for LaTeX macros (HO)
Package: hopatch 2012/05/28 v1.2 Wrapper for package hooks (HO)
Package: xcolor-patch 2011/01/30 xcolor patch
Package: atveryend 2011/06/30 v1.8 Hooks at the very end of document (HO)
Package atveryend Info: \enddocument detected (standard20110627).
Package: atbegshi 2011/10/05 v1.16 At begin shipout hook (HO)
Package: refcount 2011/10/16 v3.4 Data extraction from label references (HO)
Package: hycolor 2011/01/30 v1.7 Color options for hyperref/bookmark (HO)
)
(/usr/local/texlive/2014/texmf-dist/tex/generic/ifxetex/ifxetex.sty
Package: ifxetex 2010/09/12 v0.6 Provides ifxetex conditional
)
(/usr/local/texlive/2014/texmf-dist/tex/latex/oberdiek/auxhook.sty
Package: auxhook 2011/03/04 v1.3 Hooks for auxiliary files (HO)
)
(/usr/local/texlive/2014/texmf-dist/tex/latex/oberdiek/kvoptions.sty
Package: kvoptions 2011/06/30 v3.11 Key value format for package options (HO)
)
\@linkdim=\dimen104
\Hy@linkcounter=\count89
\Hy@pagecounter=\count90

(/usr/local/texlive/2014/texmf-dist/tex/latex/hyperref/pd1enc.def
File: pd1enc.def 2012/11/06 v6.83m Hyperref: PDFDocEncoding definition (HO)
)
\Hy@SavedSpaceFactor=\count91

(/usr/local/texlive/2014/texmf-dist/tex/latex/latexconfig/hyperref.cfg
File: hyperref.cfg 2002/06/06 v1.2 hyperref configuration of TeXLive
)
Package hyperref Info: Option `colorlinks' set `true' on input line 4319.
Package hyperref Info: Option `bookmarks' set `false' on input line 4319.
Package hyperref Info: Hyper figures OFF on input line 4443.
Package hyperref Info: Link nesting OFF on input line 4448.
Package hyperref Info: Hyper index ON on input line 4451.
Package hyperref Info: Plain pages OFF on input line 4458.
Package hyperref Info: Backreferencing ON on input line 4461.
Package hyperref Info: Implicit mode ON; LaTeX internals redefined.
Package hyperref Info: Bookmarks OFF on input line 4694.

(/usr/local/texlive/2014/texmf-dist/tex/latex/hyperref/backref.sty
Package: backref 2012/07/25 v1.38 Bibliographical back referencing

(/usr/local/texlive/2014/texmf-dist/tex/latex/oberdiek/rerunfilecheck.sty
Package: rerunfilecheck 2011/04/15 v1.7 Rerun checks for auxiliary files (HO)
Package uniquecounter Info: New unique counter `rerunfilecheck' on input line 2
82.
))
\c@Hy@tempcnt=\count92

(/usr/local/texlive/2014/texmf-dist/tex/latex/url/url.sty
\Urlmuskip=\muskip10
Package: url 2013/09/16  ver 3.4  Verb mode for urls, etc.
)
LaTeX Info: Redefining \url on input line 5041.
\XeTeXLinkMargin=\dimen105
\Fld@menulength=\count93
\Field@Width=\dimen106
\Fld@charsize=\dimen107
Package hyperref Info: Hyper figures OFF on input line 6295.
Package hyperref Info: Link nesting OFF on input line 6300.
Package hyperref Info: Hyper index ON on input line 6303.
Package hyperref Info: backreferencing ON on input line 6308.
Package hyperref Info: Link coloring ON on input line 6313.
Package hyperref Info: Link coloring with OCG OFF on input line 6320.
Package hyperref Info: PDF/A mode OFF on input line 6325.
LaTeX Info: Redefining \ref on input line 6365.
LaTeX Info: Redefining \pageref on input line 6369.
\Hy@abspage=\count94
\c@Item=\count95
\c@Hfootnote=\count96
)

Package hyperref Message: Driver: hpdftex.

(/usr/local/texlive/2014/texmf-dist/tex/latex/hyperref/hpdftex.def
File: hpdftex.def 2012/11/06 v6.83m Hyperref driver for pdfTeX
\Fld@listcount=\count97
\c@bookmark@seq@number=\count98
\Hy@SectionHShift=\skip44
)
(/usr/local/texlive/2014/texmf-dist/tex/latex/base/t1enc.sty
Package: t1enc 1994/06/01 Standard LaTeX package
) (./dfadobe.sty
Package: dfadobe 2000/03/05 v1.4 T1-encoded Times (except symbols), Courier, He
lvetica (at 90\%) + math package
LaTeX Font Info:    Redeclaring symbol font `operators' on input line 14.
LaTeX Font Info:    Overwriting symbol font `operators' in version `normal'
(Font)                  OT1/cmr/m/n --> OT1/ptmcm/m/n on input line 14.
LaTeX Font Info:    Overwriting symbol font `operators' in version `bold'
(Font)                  OT1/cmr/bx/n --> OT1/ptmcm/m/n on input line 14.
LaTeX Font Info:    Redeclaring symbol font `letters' on input line 15.
LaTeX Font Info:    Overwriting symbol font `letters' in version `normal'
(Font)                  OML/cmm/m/it --> OML/ptmcm/m/it on input line 15.
LaTeX Font Info:    Overwriting symbol font `letters' in version `bold'
(Font)                  OML/cmm/b/it --> OML/ptmcm/m/it on input line 15.
LaTeX Font Info:    Redeclaring symbol font `largesymbols' on input line 16.
LaTeX Font Info:    Overwriting symbol font `largesymbols' in version `normal'
(Font)                  OMX/cmex/m/n --> OMX/psycm/m/n on input line 16.
LaTeX Font Info:    Overwriting symbol font `largesymbols' in version `bold'
(Font)                  OMX/cmex/m/n --> OMX/psycm/m/n on input line 16.
\symbold=\mathgroup4
\symitalic=\mathgroup5
LaTeX Font Info:    Redeclaring math alphabet \mathbf on input line 19.
LaTeX Font Info:    Overwriting math alphabet `\mathbf' in version `normal'
(Font)                  OT1/cmr/bx/n --> OT1/ptm/bx/n on input line 19.
LaTeX Font Info:    Overwriting math alphabet `\mathbf' in version `bold'
(Font)                  OT1/cmr/bx/n --> OT1/ptm/bx/n on input line 19.
LaTeX Font Info:    Redeclaring math alphabet \mathit on input line 20.
LaTeX Font Info:    Overwriting math alphabet `\mathit' in version `normal'
(Font)                  OT1/cmr/m/it --> OT1/ptm/m/it on input line 20.
LaTeX Font Info:    Overwriting math alphabet `\mathit' in version `bold'
(Font)                  OT1/cmr/bx/it --> OT1/ptm/m/it on input line 20.

(./dfT1ptm.fd
File: dfT1ptm.fd 2000/03/05 DF - Fontinst v1.6 font definitions for T1/ptm.
) (./dfT1phv.fd
File: dfT1phv.fd 1997/12/02 Fontinst v1.6 font definitions for T1/phv scaled to
 90\%.
) (./dfT1pcr.fd
File: dfT1pcr.fd 2000/03/05 DF - Fontinst v1.6 font definitions for T1/pcr.
)) (./egweblnk.sty
Package: egweblnk 2004/10/29 v2.2 DF's support for http web links in class egpu
bl
)
(/usr/local/texlive/2014/texmf-dist/tex/latex/cite/cite.sty
LaTeX Info: Redefining \cite on input line 302.
LaTeX Info: Redefining \nocite on input line 373.
Package: cite 2010/09/10  v 5.3
)
(./EGauthorGuidelines-eurovis15-fin.aux)
\openout1 = `EGauthorGuidelines-eurovis15-fin.aux'.

LaTeX Font Info:    Checking defaults for OML/cmm/m/it on input line 89.
LaTeX Font Info:    ... okay on input line 89.
LaTeX Font Info:    Checking defaults for T1/cmr/m/n on input line 89.
LaTeX Font Info:    ... okay on input line 89.
LaTeX Font Info:    Checking defaults for OT1/cmr/m/n on input line 89.
LaTeX Font Info:    ... okay on input line 89.
LaTeX Font Info:    Checking defaults for OMS/cmsy/m/n on input line 89.
LaTeX Font Info:    ... okay on input line 89.
LaTeX Font Info:    Checking defaults for OMX/cmex/m/n on input line 89.
LaTeX Font Info:    ... okay on input line 89.
LaTeX Font Info:    Checking defaults for U/cmr/m/n on input line 89.
LaTeX Font Info:    ... okay on input line 89.
LaTeX Font Info:    Checking defaults for PD1/pdf/m/n on input line 89.
LaTeX Font Info:    ... okay on input line 89.

(/usr/local/texlive/2014/texmf-dist/tex/context/base/supp-pdf.mkii
[Loading MPS to PDF converter (version 2006.09.02).]
\scratchcounter=\count99
\scratchdimen=\dimen108
\scratchbox=\box26
\nofMPsegments=\count100
\nofMParguments=\count101
\everyMPshowfont=\toks17
\MPscratchCnt=\count102
\MPscratchDim=\dimen109
\MPnumerator=\count103
\makeMPintoPDFobject=\count104
\everyMPtoPDFconversion=\toks18
) (/usr/local/texlive/2014/texmf-dist/tex/latex/oberdiek/epstopdf-base.sty
Package: epstopdf-base 2010/02/09 v2.5 Base part for package epstopdf

(/usr/local/texlive/2014/texmf-dist/tex/latex/oberdiek/grfext.sty
Package: grfext 2010/08/19 v1.1 Manage graphics extensions (HO)
)
Package grfext Info: Graphics extension search list:
(grfext)             [.png,.pdf,.jpg,.mps,.jpeg,.jbig2,.jb2,.PNG,.PDF,.JPG,.JPE
G,.JBIG2,.JB2,.eps]
(grfext)             \AppendGraphicsExtensions on input line 452.

(/usr/local/texlive/2014/texmf-dist/tex/latex/latexconfig/epstopdf-sys.cfg
File: epstopdf-sys.cfg 2010/07/13 v1.3 Configuration of (r)epstopdf for TeX Liv
e
))
\AtBeginShipoutBox=\box27


Package hyperref Warning: Height of page (\paperheight) is invalid (0.0pt),
(hyperref)                using 11in.

(/usr/local/texlive/2014/texmf-dist/tex/latex/graphics/color.sty
Package: color 2014/04/23 v1.1a Standard LaTeX Color (DPC)

(/usr/local/texlive/2014/texmf-dist/tex/latex/latexconfig/color.cfg
File: color.cfg 2007/01/18 v1.5 color configuration of teTeX/TeXLive
)
Package color Info: Driver file: pdftex.def on input line 137.
)
Package hyperref Info: Link coloring ON on input line 89.

(/usr/local/texlive/2014/texmf-dist/tex/latex/hyperref/nameref.sty
Package: nameref 2012/10/27 v2.43 Cross-referencing by name of section

(/usr/local/texlive/2014/texmf-dist/tex/generic/oberdiek/gettitlestring.sty
Package: gettitlestring 2010/12/03 v1.4 Cleanup title references (HO)
)
\c@section@level=\count105
)
LaTeX Info: Redefining \ref on input line 89.
LaTeX Info: Redefining \pageref on input line 89.
LaTeX Info: Redefining \nameref on input line 89.
LaTeX Font Info:    Font shape `T1/ptm/bx/n' in size <17.28> not available
(Font)              Font shape `T1/ptm/b/n' tried instead on input line 99.
LaTeX Font Info:    Try loading font information for OT1+ptmcm on input line 99
.

(/usr/local/texlive/2014/texmf-dist/tex/latex/psnfss/ot1ptmcm.fd
File: ot1ptmcm.fd 2000/01/03 Fontinst v1.801 font definitions for OT1/ptmcm.
)
LaTeX Font Info:    Try loading font information for OML+ptmcm on input line 99
.

(/usr/local/texlive/2014/texmf-dist/tex/latex/psnfss/omlptmcm.fd
File: omlptmcm.fd 2000/01/03 Fontinst v1.801 font definitions for OML/ptmcm.
)
LaTeX Font Info:    Try loading font information for OMX+psycm on input line 99
.

(/usr/local/texlive/2014/texmf-dist/tex/latex/psnfss/omxpsycm.fd
File: omxpsycm.fd 2000/01/03 Fontinst v1.801 font definitions for OMX/psycm.
)
LaTeX Font Info:    Try loading font information for OT1+ptm on input line 99.

(/usr/local/texlive/2014/texmf-dist/tex/latex/psnfss/ot1ptm.fd
File: ot1ptm.fd 2001/06/04 font definitions for OT1/ptm.
)
LaTeX Font Info:    Font shape `T1/ptm/bx/n' in size <9> not available
(Font)              Font shape `T1/ptm/b/n' tried instead on input line 100.
 [1{/usr/local/texlive/2014/texmf-var/fonts/map/pdftex/updmap/pdftex.map}


]
<fig-3-1.jpg, id=19, 323.2075pt x 208.78pt>
File: fig-3-1.jpg Graphic file (type jpg)
 <use fig-3-1.jpg>
Package pdftex.def Info: fig-3-1.jpg used on input line 139.
(pdftex.def)             Requested size: 205.19934pt x 132.5515pt.
LaTeX Font Info:    Font shape `T1/ptm/bx/it' in size <9> not available
(Font)              Font shape `T1/ptm/b/it' tried instead on input line 140.

<fig-3-2.jpg, id=21, 823.075pt x 625.33624pt>
File: fig-3-2.jpg Graphic file (type jpg)
 <use fig-3-2.jpg>
Package pdftex.def Info: fig-3-2.jpg used on input line 151.
(pdftex.def)             Requested size: 205.19934pt x 155.89474pt.
 [2 <./fig-3-1.jpg> <./fig-3-2.jpg>] <star-3-1.png, id=41, 501.875pt x 345.29pt
>
File: star-3-1.png Graphic file (type png)

<use star-3-1.png>
Package pdftex.def Info: star-3-1.png used on input line 167.
(pdftex.def)             Requested size: 205.19934pt x 141.17992pt.

Underfull \hbox (badness 1715) in paragraph at lines 168--168
[]\T1/ptm/b/n/9 Figure 3: [][] \T1/ptm/m/it/9 Search, warn-ing and statis-tics 
of mon-i-tor
 []

<star-3-2.png, id=43, 501.875pt x 345.29pt>
File: star-3-2.png Graphic file (type png)
 <use star-3-2.png>
Package pdftex.def Info: star-3-2.png used on input line 173.
(pdftex.def)             Requested size: 205.19934pt x 141.17992pt.

<star-4-1.png, id=55, 1072.005pt x 337.26pt>
File: star-4-1.png Graphic file (type png)
 <use star-4-1.png>
Package pdftex.def Info: star-4-1.png used on input line 187.
(pdftex.def)             Requested size: 433.19861pt x 136.28592pt.

<star-4-2.png, id=56, 538.01pt x 321.2pt>
File: star-4-2.png Graphic file (type png)
 <use star-4-2.png>
Package pdftex.def Info: star-4-2.png used on input line 193.
(pdftex.def)             Requested size: 205.19934pt x 122.50816pt.

<star-4-3.png, id=57, 881.2925pt x 511.9125pt>
File: star-4-3.png Graphic file (type png)
 <use star-4-3.png>
Package pdftex.def Info: star-4-3.png used on input line 199.
(pdftex.def)             Requested size: 433.19861pt x 251.62825pt.

<star-4-4.png, id=58, 427.5975pt x 234.8775pt>
File: star-4-4.png Graphic file (type png)
 <use star-4-4.png>
Package pdftex.def Info: star-4-4.png used on input line 205.
(pdftex.def)             Requested size: 205.19934pt x 112.71483pt.

Underfull \hbox (badness 10000) has occurred while \output is active
[]
 []

[3 <./star-3-1.png> <./star-3-2.png> <./star-4-2.png>]
Underfull \vbox (badness 10000) has occurred while \output is active []


Underfull \vbox (badness 10000) has occurred while \output is active []

 [4 <./star-4-1.png> <./star-4-3.png>]
Underfull \hbox (badness 1424) in paragraph at lines 219--220
\T1/ptm/m/n/9 Another field in ur-ban plan-ning con-text where vi-su-al-
 []


Underfull \hbox (badness 1742) in paragraph at lines 219--220
\T1/ptm/m/n/9 iz-ing data plays a cen-tral role in re-search ac-tiv-ity is
 []


Underfull \hbox (badness 2213) in paragraph at lines 219--220
\T1/ptm/m/n/9 ur-ban sim-u-la-tion. The term **ur-ban sim-u-la-tion** has
 []


Overfull \hbox (4.72198pt too wide) in paragraph at lines 219--220
\T1/ptm/m/n/9 [[][][]FZ03[][]] [[][][]Mer07[][]] [[][][]MWH$[]$06[][]] [[][][]M
ZWVG07[][]] [[][][]PM01[][]] [[][][]RWF02[][]].
 []

<star-5-1.png, id=114, 1030.85126pt x 296.10625pt>
File: star-5-1.png Graphic file (type png)
 <use star-5-1.png>
Package pdftex.def Info: star-5-1.png used on input line 237.
(pdftex.def)             Requested size: 433.19861pt x 124.43153pt.

Underfull \hbox (badness 10000) has occurred while \output is active
[]
 []

[5 <./star-4-4.png>] <star-5-2.png, id=145, 665.48625pt x 219.82124pt>
File: star-5-2.png Graphic file (type png)

<use star-5-2.png>
Package pdftex.def Info: star-5-2.png used on input line 255.
(pdftex.def)             Requested size: 205.19934pt x 67.77826pt.

Underfull \vbox (badness 3895) has occurred while \output is active []

 [6 <./star-5-1.png> <./star-5-2.png>] <star-5-3.png, id=155, 486.81876pt x 281
.05pt>
File: star-5-3.png Graphic file (type png)

<use star-5-3.png>
Package pdftex.def Info: star-5-3.png used on input line 268.
(pdftex.def)             Requested size: 205.19934pt x 118.46474pt.
 <star-5-4.png, id=156, 476.78125pt x 623.32875pt>
File: star-5-4.png Graphic file (type png)

<use star-5-4.png>
Package pdftex.def Info: star-5-4.png used on input line 279.
(pdftex.def)             Requested size: 205.19934pt x 268.27342pt.
 <star-5-5.png, id=158, 814.04124pt x 185.69376pt>
File: star-5-5.png Graphic file (type png)

<use star-5-5.png>
Package pdftex.def Info: star-5-5.png used on input line 290.
(pdftex.def)             Requested size: 410.39722pt x 93.61734pt.
 <star-5-6.png, id=159, 1058.95625pt x 604.2575pt>
File: star-5-6.png Graphic file (type png)

<use star-5-6.png>
Package pdftex.def Info: star-5-6.png used on input line 296.
(pdftex.def)             Requested size: 433.19861pt x 247.18474pt.

Underfull \hbox (badness 10000) has occurred while \output is active
[]
 []

[7 <./star-5-3.png> <./star-5-4.png>]
Underfull \hbox (badness 10000) in paragraph at lines 309--310
[]\T1/ptm/b/n/9 FHWA: Mod-el-ing the Ur-ban Con-tin-uum
 []


Underfull \hbox (badness 10000) in paragraph at lines 309--310
\T1/ptm/m/n/9 (http://urbanmodel.asu.edu/intmod.html). This project
 []


Underfull \hbox (badness 3148) in paragraph at lines 309--310
\T1/ptm/m/n/9 is funded by the Fed-eral High-way Ad-min-is-tra-tion,
 []


Underfull \vbox (badness 10000) has occurred while \output is active []


Underfull \vbox (badness 10000) has occurred while \output is active []

 [8 <./star-5-5.png> <./star-5-6.png>] (./EGauthorGuidelines-eurovis15-fin.bbl
(./EGauthorGuidelines-eurovis15-fin.brf)
\tf@brf=\write3
\openout3 = `EGauthorGuidelines-eurovis15-fin.brf'.


Underfull \hbox (badness 10000) has occurred while \output is active
[]
 []

[9]
Underfull \hbox (badness 10000) in paragraph at lines 46--46
[]\T1/ptm/m/sc/8 Dorling D., Bar-ford A., New-man M.\T1/ptm/m/n/8 :
 []


Underfull \hbox (badness 2884) in paragraph at lines 46--46
\T1/ptm/m/n/8 Worldmap-per: the world as you've never seen it be-fore.
 []


Underfull \hbox (badness 10000) in paragraph at lines 175--175
[]\T1/ptm/m/sc/8 Reddy R., Höfer-lin M., Dam-bier M.,
 []


Underfull \hbox (badness 1975) in paragraph at lines 175--175
\T1/ptm/m/sc/8 Weiskopf D.\T1/ptm/m/n/8 :  Vi-sual an-a-lyt-ics for dy-namic ev
ac-u-a-tion
 []


Underfull \hbox (badness 1742) in paragraph at lines 175--175
\T1/ptm/m/n/8 plan-ning.  In \T1/ptm/m/it/8 Pro-ceed-ings of Eu-roVA 2012: In-t
er-na-tional
 []


Underfull \hbox (badness 2662) in paragraph at lines 183--183
[]\T1/ptm/m/sc/8 Ribarsky W., Sub-ra-ma-nian K. R., Liu J.,
 []

[10])
Package atveryend Info: Empty hook `BeforeClearDocument' on input line 397.

Underfull \hbox (badness 10000) has occurred while \output is active
[]
 []

[11

]
Package atveryend Info: Empty hook `AfterLastShipout' on input line 397.
 (./EGauthorGuidelines-eurovis15-fin.aux)
Package atveryend Info: Executing hook `AtVeryEndDocument' on input line 397.
Package atveryend Info: Executing hook `AtEndAfterFileList' on input line 397.
Package rerunfilecheck Info: File `EGauthorGuidelines-eurovis15-fin.brf' has no
t changed.
(rerunfilecheck)             Checksum: B20776A6A138AFA0CF57BA57D7B7DBD6;2158.
Package atveryend Info: Empty hook `AtVeryVeryEnd' on input line 397.
 ) 
Here is how much of TeX's memory you used:
 6073 strings out of 493117
 91939 string characters out of 6135433
 190548 words of memory out of 5000000
 9360 multiletter control sequences out of 15000+600000
 45609 words of font info for 64 fonts, out of 8000000 for 9000
 1141 hyphenation exceptions out of 8191
 32i,10n,25p,1353b,410s stack positions out of 5000i,500n,10000p,200000b,80000s
{/usr/local/texlive/2014/texmf-dist/fonts/enc/dvips/base/8r.enc}</usr/local/t
exlive/2014/texmf-dist/fonts/type1/public/amsfonts/cm/cmsy6.pfb></usr/local/tex
live/2014/texmf-dist/fonts/type1/public/amsfonts/cm/cmsy7.pfb></usr/local/texli
ve/2014/texmf-dist/fonts/type1/public/amsfonts/cm/cmsy9.pfb></usr/local/texlive
/2014/texmf-dist/fonts/type1/urw/courier/ucrr8a.pfb></usr/local/texlive/2014/te
xmf-dist/fonts/type1/urw/times/utmb8a.pfb></usr/local/texlive/2014/texmf-dist/f
onts/type1/urw/times/utmbi8a.pfb></usr/local/texlive/2014/texmf-dist/fonts/type
1/urw/times/utmr8a.pfb></usr/local/texlive/2014/texmf-dist/fonts/type1/urw/time
s/utmri8a.pfb>
Output written on EGauthorGuidelines-eurovis15-fin.pdf (11 pages, 10766378 byte
s).
PDF statistics:
 301 PDF objects out of 1000 (max. 8388607)
 251 compressed objects within 3 object streams
 87 named destinations out of 1000 (max. 500000)
 71 words of extra memory for PDF output out of 10000 (max. 10000000)

